{ event: 'FullyBooted',
  privilege: 'system,all',
  uptime: '5519',
  lastreload: '5519',
  status: 'Fully Booted' }
 
{ event: 'SuccessfulAuth',
  privilege: 'security,all',
  eventtv: '2021-03-05T10:02:36.133+0100',
  severity: 'Informational',
  service: 'AMI',
  eventversion: '1',
  accountid: 'admin',
  sessionid: '0x7f303c002fe0',
  localaddress: 'IPV4/TCP/127.0.0.1/5038',
  remoteaddress: 'IPV4/TCP/127.0.0.1/52436',
  usingpassword: '0',
  sessiontv: '2021-03-05T10:02:36.133+0100' }
 
{ event: 'ChallengeSent',
  privilege: 'security,all',
  eventtv: '2021-03-05T10:02:40.308+0100',
  severity: 'Informational',
  service: 'PJSIP',
  eventversion: '1',
  accountid: 'SOFTPHONE_B',
  sessionid: 'wovxzzxjacfkjxo@Precision-3550',
  localaddress: 'IPV4/UDP/10.1.0.155/5060',
  remoteaddress: 'IPV4/UDP/127.0.0.1/5063',
  challenge: '' }
 
{ event: 'SuccessfulAuth',
  privilege: 'security,all',
  eventtv: '2021-03-05T10:02:40.313+0100',
  severity: 'Informational',
  service: 'PJSIP',
  eventversion: '1',
  accountid: 'SOFTPHONE_B',
  sessionid: 'wovxzzxjacfkjxo@Precision-3550',
  localaddress: 'IPV4/UDP/10.1.0.155/5060',
  remoteaddress: 'IPV4/UDP/127.0.0.1/5063',
  usingpassword: '1' }
 
{ event: 'Newchannel',
  privilege: 'call,all',
  channel: 'PJSIP/SOFTPHONE_B-00000048',
  channelstate: '4',
  channelstatedesc: 'Ring',
  calleridnum: 'SOFTPHONE_B',
  calleridname: '<unknown>',
  connectedlinenum: '<unknown>',
  connectedlinename: '<unknown>',
  language: 'en',
  accountcode: '',
  context: 'sets',
  exten: '102',
  priority: '1',
  uniqueid: '1614934960.120',
  linkedid: '1614934960.120' }
 
{ event: 'Newexten',
  privilege: 'dialplan,all',
  channel: 'PJSIP/SOFTPHONE_B-00000048',
  channelstate: '4',
  channelstatedesc: 'Ring',
  calleridnum: 'SOFTPHONE_B',
  calleridname: '<unknown>',
  connectedlinenum: '<unknown>',
  connectedlinename: '<unknown>',
  language: 'en',
  accountcode: '',
  context: 'sets',
  exten: '102',
  priority: '1',
  uniqueid: '1614934960.120',
  linkedid: '1614934960.120',
  extension: '102',
  application: 'Dial',
  appdata: 'PJSIP/SOFTPHONE_A' }
 
{ event: 'Newchannel',
  privilege: 'call,all',
  channel: 'PJSIP/SOFTPHONE_A-00000049',
  channelstate: '0',
  channelstatedesc: 'Down',
  calleridnum: '<unknown>',
  calleridname: '<unknown>',
  connectedlinenum: '<unknown>',
  connectedlinename: '<unknown>',
  language: 'en',
  accountcode: '',
  context: 'sets',
  exten: 's',
  priority: '1',
  uniqueid: '1614934960.121',
  linkedid: '1614934960.120' }
 
{ event: 'Newexten',
  privilege: 'dialplan,all',
  channel: 'PJSIP/SOFTPHONE_A-00000049',
  channelstate: '0',
  channelstatedesc: 'Down',
  calleridnum: '102',
  calleridname: '<unknown>',
  connectedlinenum: 'SOFTPHONE_B',
  connectedlinename: '<unknown>',
  language: 'en',
  accountcode: '',
  context: 'sets',
  exten: '102',
  priority: '1',
  uniqueid: '1614934960.121',
  linkedid: '1614934960.120',
  extension: '102',
  application: 'AppDial',
  appdata: '(Outgoing Line)' }
 
{ event: 'NewCallerid',
  privilege: 'call,all',
  channel: 'PJSIP/SOFTPHONE_A-00000049',
  channelstate: '0',
  channelstatedesc: 'Down',
  calleridnum: '102',
  calleridname: '<unknown>',
  connectedlinenum: 'SOFTPHONE_B',
  connectedlinename: '<unknown>',
  language: 'en',
  accountcode: '',
  context: 'sets',
  exten: '102',
  priority: '1',
  uniqueid: '1614934960.121',
  linkedid: '1614934960.120',
  'cid-callingpres': '0 (Presentation Allowed, Not Screened)' }
 
{ event: 'NewConnectedLine',
  privilege: 'call,all',
  channel: 'PJSIP/SOFTPHONE_A-00000049',
  channelstate: '0',
  channelstatedesc: 'Down',
  calleridnum: '102',
  calleridname: '<unknown>',
  connectedlinenum: 'SOFTPHONE_B',
  connectedlinename: '<unknown>',
  language: 'en',
  accountcode: '',
  context: 'sets',
  exten: '102',
  priority: '1',
  uniqueid: '1614934960.121',
  linkedid: '1614934960.120' }
 
{ event: 'DialBegin',
  privilege: 'call,all',
  channel: 'PJSIP/SOFTPHONE_B-00000048',
  channelstate: '4',
  channelstatedesc: 'Ring',
  calleridnum: 'SOFTPHONE_B',
  calleridname: '<unknown>',
  connectedlinenum: '<unknown>',
  connectedlinename: '<unknown>',
  language: 'en',
  accountcode: '',
  context: 'sets',
  exten: '102',
  priority: '1',
  uniqueid: '1614934960.120',
  linkedid: '1614934960.120',
  destchannel: 'PJSIP/SOFTPHONE_A-00000049',
  destchannelstate: '0',
  destchannelstatedesc: 'Down',
  destcalleridnum: '102',
  destcalleridname: '<unknown>',
  destconnectedlinenum: 'SOFTPHONE_B',
  destconnectedlinename: '<unknown>',
  destlanguage: 'en',
  destaccountcode: '',
  destcontext: 'sets',
  destexten: '102',
  destpriority: '1',
  destuniqueid: '1614934960.121',
  destlinkedid: '1614934960.120',
  dialstring: 'SOFTPHONE_A' }
 
{ event: 'NewConnectedLine',
  privilege: 'call,all',
  channel: 'PJSIP/SOFTPHONE_B-00000048',
  channelstate: '4',
  channelstatedesc: 'Ring',
  calleridnum: 'SOFTPHONE_B',
  calleridname: '<unknown>',
  connectedlinenum: '102',
  connectedlinename: '<unknown>',
  language: 'en',
  accountcode: '',
  context: 'sets',
  exten: '102',
  priority: '1',
  uniqueid: '1614934960.120',
  linkedid: '1614934960.120' }
 
{ event: 'Newstate',
  privilege: 'call,all',
  channel: 'PJSIP/SOFTPHONE_A-00000049',
  channelstate: '5',
  channelstatedesc: 'Ringing',
  calleridnum: '102',
  calleridname: '<unknown>',
  connectedlinenum: 'SOFTPHONE_B',
  connectedlinename: '<unknown>',
  language: 'en',
  accountcode: '',
  context: 'sets',
  exten: '102',
  priority: '1',
  uniqueid: '1614934960.121',
  linkedid: '1614934960.120' }
 
{ event: 'DialState',
  privilege: 'call,all',
  channel: 'PJSIP/SOFTPHONE_B-00000048',
  channelstate: '4',
  channelstatedesc: 'Ring',
  calleridnum: 'SOFTPHONE_B',
  calleridname: '<unknown>',
  connectedlinenum: '102',
  connectedlinename: '<unknown>',
  language: 'en',
  accountcode: '',
  context: 'sets',
  exten: '102',
  priority: '1',
  uniqueid: '1614934960.120',
  linkedid: '1614934960.120',
  destchannel: 'PJSIP/SOFTPHONE_A-00000049',
  destchannelstate: '5',
  destchannelstatedesc: 'Ringing',
  destcalleridnum: '102',
  destcalleridname: '<unknown>',
  destconnectedlinenum: 'SOFTPHONE_B',
  destconnectedlinename: '<unknown>',
  destlanguage: 'en',
  destaccountcode: '',
  destcontext: 'sets',
  destexten: '102',
  destpriority: '1',
  destuniqueid: '1614934960.121',
  destlinkedid: '1614934960.120',
  dialstatus: 'RINGING' }
 
{ event: 'DeviceStateChange',
  privilege: 'call,all',
  device: 'PJSIP/SOFTPHONE_A',
  state: 'RINGING' }
 
{ event: 'DeviceStateChange',
  privilege: 'call,all',
  device: 'PJSIP/SOFTPHONE_B',
  state: 'INUSE' }
 
{ event: 'Newstate',
  privilege: 'call,all',
  channel: 'PJSIP/SOFTPHONE_A-00000049',
  channelstate: '6',
  channelstatedesc: 'Up',
  calleridnum: '102',
  calleridname: '<unknown>',
  connectedlinenum: 'SOFTPHONE_B',
  connectedlinename: '<unknown>',
  language: 'en',
  accountcode: '',
  context: 'sets',
  exten: '102',
  priority: '1',
  uniqueid: '1614934960.121',
  linkedid: '1614934960.120' }
 
{ event: 'DialEnd',
  privilege: 'call,all',
  channel: 'PJSIP/SOFTPHONE_B-00000048',
  channelstate: '4',
  channelstatedesc: 'Ring',
  calleridnum: 'SOFTPHONE_B',
  calleridname: '<unknown>',
  connectedlinenum: '102',
  connectedlinename: '<unknown>',
  language: 'en',
  accountcode: '',
  context: 'sets',
  exten: '102',
  priority: '1',
  uniqueid: '1614934960.120',
  linkedid: '1614934960.120',
  destchannel: 'PJSIP/SOFTPHONE_A-00000049',
  destchannelstate: '6',
  destchannelstatedesc: 'Up',
  destcalleridnum: '102',
  destcalleridname: '<unknown>',
  destconnectedlinenum: 'SOFTPHONE_B',
  destconnectedlinename: '<unknown>',
  destlanguage: 'en',
  destaccountcode: '',
  destcontext: 'sets',
  destexten: '',
  destpriority: '1',
  destuniqueid: '1614934960.121',
  destlinkedid: '1614934960.120',
  dialstatus: 'ANSWER' }
 
{ event: 'Newstate',
  privilege: 'call,all',
  channel: 'PJSIP/SOFTPHONE_B-00000048',
  channelstate: '6',
  channelstatedesc: 'Up',
  calleridnum: 'SOFTPHONE_B',
  calleridname: '<unknown>',
  connectedlinenum: '102',
  connectedlinename: '<unknown>',
  language: 'en',
  accountcode: '',
  context: 'sets',
  exten: '102',
  priority: '1',
  uniqueid: '1614934960.120',
  linkedid: '1614934960.120' }
 
{ event: 'BridgeCreate',
  privilege: 'call,all',
  bridgeuniqueid: '6c6e97b2-2306-427f-9ca6-24187bb9a023',
  bridgetype: 'basic',
  bridgetechnology: 'simple_bridge',
  bridgecreator: '<unknown>',
  bridgename: '<unknown>',
  bridgenumchannels: '0',
  bridgevideosourcemode: 'none' }
 
{ event: 'Newexten',
  privilege: 'dialplan,all',
  channel: 'PJSIP/SOFTPHONE_A-00000049',
  channelstate: '6',
  channelstatedesc: 'Up',
  calleridnum: '102',
  calleridname: '<unknown>',
  connectedlinenum: 'SOFTPHONE_B',
  connectedlinename: '<unknown>',
  language: 'en',
  accountcode: '',
  context: 'sets',
  exten: '',
  priority: '1',
  uniqueid: '1614934960.121',
  linkedid: '1614934960.120',
  extension: '',
  application: 'AppDial',
  appdata: '(Outgoing Line)' }
 
{ event: 'BridgeEnter',
  privilege: 'call,all',
  bridgeuniqueid: '6c6e97b2-2306-427f-9ca6-24187bb9a023',
  bridgetype: 'basic',
  bridgetechnology: 'simple_bridge',
  bridgecreator: '<unknown>',
  bridgename: '<unknown>',
  bridgenumchannels: '1',
  bridgevideosourcemode: 'none',
  channel: 'PJSIP/SOFTPHONE_A-00000049',
  channelstate: '6',
  channelstatedesc: 'Up',
  calleridnum: '102',
  calleridname: '<unknown>',
  connectedlinenum: 'SOFTPHONE_B',
  connectedlinename: '<unknown>',
  language: 'en',
  accountcode: '',
  context: 'sets',
  exten: '',
  priority: '1',
  uniqueid: '1614934960.121',
  linkedid: '1614934960.120' }
 
{ event: 'BridgeEnter',
  privilege: 'call,all',
  bridgeuniqueid: '6c6e97b2-2306-427f-9ca6-24187bb9a023',
  bridgetype: 'basic',
  bridgetechnology: 'simple_bridge',
  bridgecreator: '<unknown>',
  bridgename: '<unknown>',
  bridgenumchannels: '2',
  bridgevideosourcemode: 'none',
  channel: 'PJSIP/SOFTPHONE_B-00000048',
  channelstate: '6',
  channelstatedesc: 'Up',
  calleridnum: 'SOFTPHONE_B',
  calleridname: '<unknown>',
  connectedlinenum: '102',
  connectedlinename: '<unknown>',
  language: 'en',
  accountcode: '',
  context: 'sets',
  exten: '102',
  priority: '1',
  uniqueid: '1614934960.120',
  linkedid: '1614934960.120' }
 
{ event: 'DeviceStateChange',
  privilege: 'call,all',
  device: 'PJSIP/SOFTPHONE_A',
  state: 'INUSE' }
 
{ event: 'RTCPReceived',
  privilege: 'reporting,all',
  channel: 'PJSIP/SOFTPHONE_B-00000048',
  channelstate: '6',
  channelstatedesc: 'Up',
  calleridnum: 'SOFTPHONE_B',
  calleridname: '<unknown>',
  connectedlinenum: '102',
  connectedlinename: '<unknown>',
  language: 'en',
  accountcode: '',
  context: 'sets',
  exten: '102',
  priority: '1',
  uniqueid: '1614934960.120',
  linkedid: '1614934960.120',
  to: '127.0.0.1:17727',
  from: '127.0.0.1:8001',
  rtt: '0.0000',
  ssrc: '0x81cb0008',
  pt: '201(RR)',
  reportcount: '0' }
 
{ event: 'HangupRequest',
  privilege: 'call,all',
  channel: 'PJSIP/SOFTPHONE_A-00000049',
  channelstate: '6',
  channelstatedesc: 'Up',
  calleridnum: '102',
  calleridname: '<unknown>',
  connectedlinenum: 'SOFTPHONE_B',
  connectedlinename: '<unknown>',
  language: 'en',
  accountcode: '',
  context: 'sets',
  exten: '',
  priority: '1',
  uniqueid: '1614934960.121',
  linkedid: '1614934960.120' }
 
{ event: 'BridgeLeave',
  privilege: 'call,all',
  bridgeuniqueid: '6c6e97b2-2306-427f-9ca6-24187bb9a023',
  bridgetype: 'basic',
  bridgetechnology: 'native_rtp',
  bridgecreator: '<unknown>',
  bridgename: '<unknown>',
  bridgenumchannels: '1',
  bridgevideosourcemode: 'none',
  channel: 'PJSIP/SOFTPHONE_A-00000049',
  channelstate: '6',
  channelstatedesc: 'Up',
  calleridnum: '102',
  calleridname: '<unknown>',
  connectedlinenum: 'SOFTPHONE_B',
  connectedlinename: '<unknown>',
  language: 'en',
  accountcode: '',
  context: 'sets',
  exten: '',
  priority: '1',
  uniqueid: '1614934960.121',
  linkedid: '1614934960.120' }
 
{ event: 'BridgeLeave',
  privilege: 'call,all',
  bridgeuniqueid: '6c6e97b2-2306-427f-9ca6-24187bb9a023',
  bridgetype: 'basic',
  bridgetechnology: 'native_rtp',
  bridgecreator: '<unknown>',
  bridgename: '<unknown>',
  bridgenumchannels: '0',
  bridgevideosourcemode: 'none',
  channel: 'PJSIP/SOFTPHONE_B-00000048',
  channelstate: '6',
  channelstatedesc: 'Up',
  calleridnum: 'SOFTPHONE_B',
  calleridname: '<unknown>',
  connectedlinenum: '102',
  connectedlinename: '<unknown>',
  language: 'en',
  accountcode: '',
  context: 'sets',
  exten: '102',
  priority: '1',
  uniqueid: '1614934960.120',
  linkedid: '1614934960.120' }
 
{ event: 'Hangup',
  privilege: 'call,all',
  channel: 'PJSIP/SOFTPHONE_A-00000049',
  channelstate: '6',
  channelstatedesc: 'Up',
  calleridnum: '102',
  calleridname: '<unknown>',
  connectedlinenum: 'SOFTPHONE_B',
  connectedlinename: '<unknown>',
  language: 'en',
  accountcode: '',
  context: 'sets',
  exten: '',
  priority: '1',
  uniqueid: '1614934960.121',
  linkedid: '1614934960.120',
  cause: '16',
  'cause-txt': 'Normal Clearing' }
 
{ event: 'BridgeDestroy',
  privilege: 'call,all',
  bridgeuniqueid: '6c6e97b2-2306-427f-9ca6-24187bb9a023',
  bridgetype: 'basic',
  bridgetechnology: 'native_rtp',
  bridgecreator: '<unknown>',
  bridgename: '<unknown>',
  bridgenumchannels: '0',
  bridgevideosourcemode: 'none' }
 
{ event: 'SoftHangupRequest',
  privilege: 'call,all',
  channel: 'PJSIP/SOFTPHONE_B-00000048',
  channelstate: '6',
  channelstatedesc: 'Up',
  calleridnum: 'SOFTPHONE_B',
  calleridname: '<unknown>',
  connectedlinenum: '102',
  connectedlinename: '<unknown>',
  language: 'en',
  accountcode: '',
  context: 'sets',
  exten: '102',
  priority: '1',
  uniqueid: '1614934960.120',
  linkedid: '1614934960.120',
  cause: '16' }
 
{ event: 'Hangup',
  privilege: 'call,all',
  channel: 'PJSIP/SOFTPHONE_B-00000048',
  channelstate: '6',
  channelstatedesc: 'Up',
  calleridnum: 'SOFTPHONE_B',
  calleridname: '<unknown>',
  connectedlinenum: '102',
  connectedlinename: '<unknown>',
  language: 'en',
  accountcode: '',
  context: 'sets',
  exten: '102',
  priority: '1',
  uniqueid: '1614934960.120',
  linkedid: '1614934960.120',
  cause: '16',
  'cause-txt': 'Normal Clearing' }
 
{ event: 'DeviceStateChange',
  privilege: 'call,all',
  device: 'PJSIP/SOFTPHONE_A',
  state: 'NOT_INUSE' }
 
{ event: 'DeviceStateChange',
  privilege: 'call,all',
  device: 'PJSIP/SOFTPHONE_B',
  state: 'NOT_INUSE' }
 
